/*C28*/SET SCHEMA PUBLIC
CREATE TABLE if not exists ESTADO(ID INT NOT NULL IDENTITY, NOME VARCHAR(255) NOT NULL UNIQUE, SIGLA CHAR(2) NOT NULL UNIQUE, STATUS CHAR(1) DEFAULT 'A' NOT NULL)
CREATE TABLE if not exists CIDADE(ID INT NOT NULL IDENTITY, NOME VARCHAR(255) NOT NULL UNIQUE, IDESTADO INTEGER NOT NULL)
CREATE TABLE if not exists PESSOA(ID INT NOT NULL IDENTITY, NOME VARCHAR(255) NOT NULL UNIQUE, RG VARCHAR(255), CPF VARCHAR(255), IDCIDADE INTEGER, TELEFONE VARCHAR(20), ENDERECO VARCHAR(255), BAIRRO VARCHAR(255), NUMERO INTEGER)
DISCONNECT
/*C29*/SET SCHEMA PUBLIC
DISCONNECT
/*C30*/SET SCHEMA PUBLIC
DISCONNECT
/*C31*/SET SCHEMA PUBLIC
DISCONNECT
/*C33*/SET SCHEMA PUBLIC
DISCONNECT
/*C34*/SET SCHEMA PUBLIC
INSERT INTO ESTADO VALUES(6,'eee','ee','A')
COMMIT
DISCONNECT
/*C35*/SET SCHEMA PUBLIC
DISCONNECT
/*C36*/SET SCHEMA PUBLIC
DISCONNECT
/*C37*/SET SCHEMA PUBLIC
DISCONNECT
